d:\programmation\repo_git\thot\thot\debug\vc140.pdb
d:\programmation\repo_git\thot\thot\debug\vc140.idb
d:\programmation\repo_git\thot\thot\debug\inputevent.obj
d:\programmation\repo_git\thot\thot\debug\math.obj
d:\programmation\repo_git\thot\thot\debug\main.obj
d:\programmation\repo_git\thot\thot\debug\uilayer.obj
d:\programmation\repo_git\thot\thot\debug\uimanager.obj
d:\programmation\repo_git\thot\thot\debug\uiwidget.obj
d:\programmation\repo_git\thot\thot\debug\uiwindow.obj
d:\programmation\repo_git\thot\thot\debug\mathtools.obj
d:\programmation\repo_git\thot\thot\debug\uibutton.obj
d:\programmation\repo_git\thot\thot\debug\uiclickablearea.obj
d:\programmation\repo_git\thot\thot\debug\uicontainer.obj
d:\programmation\repo_git\thot\thot\debug\uilist.obj
d:\programmation\repo_git\thot\thot\debug\uiframe.obj
d:\programmation\repo_git\thot\thot\debug\uitext.obj
d:\programmation\repo_git\thot\debug\thot.ilk
d:\programmation\repo_git\thot\debug\thot.exe
d:\programmation\repo_git\thot\debug\thot.pdb
d:\programmation\repo_git\thot\thot\debug\main.obj.enc
d:\programmation\repo_git\thot\thot\debug\thot.tlog\cl.command.1.tlog
d:\programmation\repo_git\thot\thot\debug\thot.tlog\cl.read.1.tlog
d:\programmation\repo_git\thot\thot\debug\thot.tlog\cl.write.1.tlog
d:\programmation\repo_git\thot\thot\debug\thot.tlog\link.command.1.tlog
d:\programmation\repo_git\thot\thot\debug\thot.tlog\link.read.1.tlog
d:\programmation\repo_git\thot\thot\debug\thot.tlog\link.write.1.tlog
